[debug] > Exec(run, None, None)
[debug] Evaluating tasks: Compile / run
[debug] Running task... Cancel: Signal, check cycles: false, forcegc: true
[info] compiling 1 Scala source to C:\Users\Nicolas\Downloads\ClassScraper\target\scala-3.5.1\classes ...
[error] -- [E008] Not Found Error: C:\Users\Nicolas\Downloads\ClassScraper\src\main\scala\CourseScraper.scala:30:47 
[error] 30 |			.filter(extra => (extra >?> text("strong")).getOrElse("").startsWith("Prerequisite"))
[error]    |			                 ^^^^^^^^^^^^^^^^^^^^^^^^^^^^^^^^^^^^
[error]    |value getOrElse is not a member of List[Option[String]], but could be made available as an extension method.
[error]    |
[error]    |One of the following imports might make progress towards fixing the problem:
[error]    |
[error]    |  import scalaz.Scalaz.ToOptionalOps
[error]    |  import scalaz.syntax.optional.ToOptionalOps
[error]    |  import scalaz.syntax.all.ToOptionalOps
[error]    |  import scalaz.Scalaz.ToOptionalOpsUnapply
[error]    |  import scalaz.syntax.optional0.ToOptionalOps
[error]    |  import scalaz.syntax.all.ToOptionalOpsUnapply
[error]    |  import scalaz.syntax.optional.ToOptionalOpsUnapply
[error]    |  import scalaz.Leibniz.subst
[error]    |  import scalaz.syntax.optional0.ToOptionalOpsUnapply
[error]    |
[error] -- [E007] Type Mismatch Error: C:\Users\Nicolas\Downloads\ClassScraper\src\main\scala\CourseScraper.scala:31:12 
[error] 31 |			.flatMap(_ >> elementList("a"))
[error]    |			         ^^^^^^^^^^^^^^^^^^^^^
[error]    |    Found:    List[List[net.ruippeixotog.scalascraper.model.Element]]
[error]    |    Required: Option[Any]
[error]    |
[error]    |    The following import might make progress towards fixing the problem:
[error]    |
[error]    |      import scalaz.Leibniz.subst
[error]    |
[error]    |
[error]    | longer explanation available when compiling with `-explain`
[error] -- [E008] Not Found Error: C:\Users\Nicolas\Downloads\ClassScraper\src\main\scala\CourseScraper.scala:32:10 
[error] 32 |			.map(_.attr("title")),
[error]    |			     ^^^^^^
[error]    |value attr is not a member of Any, but could be made available as an extension method.
[error]    |
[error]    |The following import might make progress towards fixing the problem:
[error]    |
[error]    |  import scalaz.Leibniz.subst
[error]    |
[error] -- [E008] Not Found Error: C:\Users\Nicolas\Downloads\ClassScraper\src\main\scala\CourseScraper.scala:34:47 
[error] 34 |			.filter(extra => (extra >?> text("strong")).getOrElse("").startsWith("Corequisite"))
[error]    |			                 ^^^^^^^^^^^^^^^^^^^^^^^^^^^^^^^^^^^^
[error]    |value getOrElse is not a member of List[Option[String]], but could be made available as an extension method.
[error]    |
[error]    |One of the following imports might make progress towards fixing the problem:
[error]    |
[error]    |  import scalaz.Scalaz.ToOptionalOps
[error]    |  import scalaz.syntax.optional.ToOptionalOps
[error]    |  import scalaz.syntax.all.ToOptionalOps
[error]    |  import scalaz.Scalaz.ToOptionalOpsUnapply
[error]    |  import scalaz.syntax.optional0.ToOptionalOps
[error]    |  import scalaz.syntax.all.ToOptionalOpsUnapply
[error]    |  import scalaz.syntax.optional.ToOptionalOpsUnapply
[error]    |  import scalaz.Leibniz.subst
[error]    |  import scalaz.syntax.optional0.ToOptionalOpsUnapply
[error]    |
[error] -- [E007] Type Mismatch Error: C:\Users\Nicolas\Downloads\ClassScraper\src\main\scala\CourseScraper.scala:35:12 
[error] 35 |			.flatMap(_ >> elementList("a"))
[error]    |			         ^^^^^^^^^^^^^^^^^^^^^
[error]    |    Found:    List[List[net.ruippeixotog.scalascraper.model.Element]]
[error]    |    Required: Option[Any]
[error]    |
[error]    |    The following import might make progress towards fixing the problem:
[error]    |
[error]    |      import scalaz.Leibniz.subst
[error]    |
[error]    |
[error]    | longer explanation available when compiling with `-explain`
[error] -- [E008] Not Found Error: C:\Users\Nicolas\Downloads\ClassScraper\src\main\scala\CourseScraper.scala:36:10 
[error] 36 |			.map(_.attr("title"))
[error]    |			     ^^^^^^
[error]    |value attr is not a member of Any, but could be made available as an extension method.
[error]    |
[error]    |The following import might make progress towards fixing the problem:
[error]    |
[error]    |  import scalaz.Leibniz.subst
[error]    |
[error] -- [E172] Type Error: C:\Users\Nicolas\Downloads\ClassScraper\src\main\scala\CourseScraper.scala:47:21 
[error] 47 |	print(courses.toJson.prettyPrint)
[error]    |	                    ^
[error]    |Cannot find JsonWriter or JsonFormat type class for List[Course].
[error]    |I found:
[error]    |
[error]    |    spray.json.DefaultJsonProtocol.listFormat[Course](
[error]    |      /* missing */summon[spray.json.JsonFormat[Course]])
[error]    |
[error]    |But no implicit values were found that match type spray.json.JsonFormat[Course].
[error] 7 errors found
[error] (Compile / compileIncremental) Compilation failed
[error] Total time: 12 s, completed Oct 12, 2024, 1:44:46 AM
[debug] > Exec(idea-shell, None, None)
