[debug] > Exec(run, None, None)
[debug] Evaluating tasks: Compile / run
[debug] Running task... Cancel: Signal, check cycles: false, forcegc: true
[info] compiling 1 Scala source to C:\Users\Nicolas\Downloads\ClassScraper\target\scala-3.5.1\classes ...
[error] -- [E006] Not Found Error: C:\Users\Nicolas\Downloads\ClassScraper\src\main\scala\CourseScraper.scala:18:34 
[error] 18 |object CourseJsonProtocol extends DefaultJsonProtocol {
[error]    |                                  ^^^^^^^^^^^^^^^^^^^
[error]    |                                  Not found: type DefaultJsonProtocol
[error]    |
[error]    | longer explanation available when compiling with `-explain`
[error] -- Error: C:\Users\Nicolas\Downloads\ClassScraper\src\main\scala\CourseScraper.scala:19:14 
[error] 19 |	implicit val courseFormat = jsonFormat6(Course)
[error]    |	             ^
[error]    |	             type of implicit definition needs to be given explicitly
[error] -- [E006] Not Found Error: C:\Users\Nicolas\Downloads\ClassScraper\src\main\scala\CourseScraper.scala:19:29 
[error] 19 |	implicit val courseFormat = jsonFormat6(Course)
[error]    |	                            ^^^^^^^^^^^
[error]    |	                            Not found: jsonFormat6
[error]    |
[error]    | longer explanation available when compiling with `-explain`
[error] -- [E008] Not Found Error: C:\Users\Nicolas\Downloads\ClassScraper\src\main\scala\CourseScraper.scala:34:47 
[error] 34 |			.filter(extra => (extra >?> text("strong")).getOrElse("").startsWith("Prerequisite"))
[error]    |			                 ^^^^^^^^^^^^^^^^^^^^^^^^^^^^^^^^^^^^
[error]    |value getOrElse is not a member of List[Option[String]], but could be made available as an extension method.
[error]    |
[error]    |One of the following imports might make progress towards fixing the problem:
[error]    |
[error]    |  import scalaz.Scalaz.ToOptionalOps
[error]    |  import scalaz.syntax.optional.ToOptionalOps
[error]    |  import scalaz.syntax.all.ToOptionalOps
[error]    |  import scalaz.Scalaz.ToOptionalOpsUnapply
[error]    |  import scalaz.syntax.optional0.ToOptionalOps
[error]    |  import scalaz.syntax.all.ToOptionalOpsUnapply
[error]    |  import scalaz.syntax.optional.ToOptionalOpsUnapply
[error]    |  import scalaz.Leibniz.subst
[error]    |  import scalaz.syntax.optional0.ToOptionalOpsUnapply
[error]    |
[error] -- [E007] Type Mismatch Error: C:\Users\Nicolas\Downloads\ClassScraper\src\main\scala\CourseScraper.scala:35:12 
[error] 35 |			.flatMap(_ >> elementList("a"))
[error]    |			         ^^^^^^^^^^^^^^^^^^^^^
[error]    |    Found:    List[List[net.ruippeixotog.scalascraper.model.Element]]
[error]    |    Required: Option[Any]
[error]    |
[error]    |    The following import might make progress towards fixing the problem:
[error]    |
[error]    |      import scalaz.Leibniz.subst
[error]    |
[error]    |
[error]    | longer explanation available when compiling with `-explain`
[error] -- [E008] Not Found Error: C:\Users\Nicolas\Downloads\ClassScraper\src\main\scala\CourseScraper.scala:36:10 
[error] 36 |			.map(_.attr("title")),
[error]    |			     ^^^^^^
[error]    |value attr is not a member of Any, but could be made available as an extension method.
[error]    |
[error]    |The following import might make progress towards fixing the problem:
[error]    |
[error]    |  import scalaz.Leibniz.subst
[error]    |
[error] -- [E008] Not Found Error: C:\Users\Nicolas\Downloads\ClassScraper\src\main\scala\CourseScraper.scala:38:47 
[error] 38 |			.filter(extra => (extra >?> text("strong")).getOrElse("").startsWith("Corequisite"))
[error]    |			                 ^^^^^^^^^^^^^^^^^^^^^^^^^^^^^^^^^^^^
[error]    |value getOrElse is not a member of List[Option[String]], but could be made available as an extension method.
[error]    |
[error]    |One of the following imports might make progress towards fixing the problem:
[error]    |
[error]    |  import scalaz.Scalaz.ToOptionalOps
[error]    |  import scalaz.syntax.optional.ToOptionalOps
[error]    |  import scalaz.syntax.all.ToOptionalOps
[error]    |  import scalaz.Scalaz.ToOptionalOpsUnapply
[error]    |  import scalaz.syntax.optional0.ToOptionalOps
[error]    |  import scalaz.syntax.all.ToOptionalOpsUnapply
[error]    |  import scalaz.syntax.optional.ToOptionalOpsUnapply
[error]    |  import scalaz.Leibniz.subst
[error]    |  import scalaz.syntax.optional0.ToOptionalOpsUnapply
[error]    |
[error] -- [E007] Type Mismatch Error: C:\Users\Nicolas\Downloads\ClassScraper\src\main\scala\CourseScraper.scala:39:12 
[error] 39 |			.flatMap(_ >> elementList("a"))
[error]    |			         ^^^^^^^^^^^^^^^^^^^^^
[error]    |    Found:    List[List[net.ruippeixotog.scalascraper.model.Element]]
[error]    |    Required: Option[Any]
[error]    |
[error]    |    The following import might make progress towards fixing the problem:
[error]    |
[error]    |      import scalaz.Leibniz.subst
[error]    |
[error]    |
[error]    | longer explanation available when compiling with `-explain`
[error] -- [E008] Not Found Error: C:\Users\Nicolas\Downloads\ClassScraper\src\main\scala\CourseScraper.scala:40:10 
[error] 40 |			.map(_.attr("title"))
[error]    |			     ^^^^^^
[error]    |value attr is not a member of Any, but could be made available as an extension method.
[error]    |
[error]    |The following import might make progress towards fixing the problem:
[error]    |
[error]    |  import scalaz.Leibniz.subst
[error]    |
[error] -- [E081] Type Error: C:\Users\Nicolas\Downloads\ClassScraper\src\main\scala\CourseScraper.scala:51:25 
[error] 51 |	courses.foreach(println(_.toJson.prettyPrint))
[error]    |	                        ^
[error]    |	                        Missing parameter type
[error]    |
[error]    |	                        I could not infer the type of the parameter _$7
[error]    |	                        in expanded function:
[error]    |	                          _$7 => _$7.toJson.prettyPrint
[error]    |	                        Expected type for the whole anonymous function:
[error]    |	                          Any
[error] 10 errors found
[debug] Forcing garbage collection...
[error] (Compile / compileIncremental) Compilation failed
[error] Total time: 12 s, completed Oct 12, 2024, 9:41:59 PM
[debug] > Exec(idea-shell, None, None)
