2024.11.08 13:46:20 INFO  Started: Metals version 1.4.0 in folders 'C:\Users\Nicolas\Documents\AdviseU-Libs' for client Visual Studio Code 1.94.2.
2024.11.08 13:46:21 WARN  Flyway upgrade recommended: H2 2.3.232 is newer than this version of Flyway and support has not been tested. The latest supported version of H2 is 2.2.224.
2024.11.08 13:46:21 INFO  no build target found for C:\Users\Nicolas\Documents\AdviseU-Libs\TimeScraper\build.sbt. Using presentation compiler with project's scala-library version: 3.3.4
2024.11.08 13:46:23 INFO  no build target found for C:\Users\Nicolas\Documents\AdviseU-Libs\TimeScraper\build.sbt. Using presentation compiler with project's scala-library version: 3.3.4
2024.11.08 13:46:23 INFO  Attempting to connect to the build server...
2024.11.08 13:46:23 INFO  Found a Bloop server running
2024.11.08 13:46:24 INFO  tracing is disabled for protocol BSP, to enable tracing of incoming and outgoing JSON messages create an empty file at C:\Users\Nicolas\Documents\AdviseU-Libs\.metals\bsp.trace.json or C:\Users\Nicolas\AppData\Local\scalameta\metals\cache\bsp.trace.json
2024.11.08 13:46:25 INFO  time: Connected to build server in 1.35s
2024.11.08 13:46:25 INFO  Connected to Build server: Bloop v2.0.3
2024.11.08 13:46:25 INFO  time: Imported build in 0.39s
2024.11.08 13:46:25 INFO  running doctor check
2024.11.08 13:46:25 INFO  java targets: 
2024.11.08 13:46:29 WARN  Flyway upgrade recommended: H2 2.3.232 is newer than this version of Flyway and support has not been tested. The latest supported version of H2 is 2.2.224.
2024.11.08 13:46:30 INFO  time: indexed workspace in 5.42s
2024.11.08 13:46:30 WARN  no build target for: C:\Users\Nicolas\Documents\AdviseU-Libs\TimeScraper\build.sbt
2024.11.08 13:46:30 INFO  no build target found for C:\Users\Nicolas\Documents\AdviseU-Libs\TimeScraper\build.sbt. Using presentation compiler with project's scala-library version: 3.3.4
2024.11.08 13:46:30 INFO  no build target found for C:\Users\Nicolas\Documents\AdviseU-Libs\TimeScraper\build.sbt. Using presentation compiler with project's scala-library version: 3.3.4
2024.11.08 13:49:41 INFO  no build target found for C:\Users\Nicolas\Documents\AdviseU-Libs\TimeScraper\build.sbt. Using presentation compiler with project's scala-library version: 3.3.4
2024.11.08 13:56:27 INFO  Shutting down server
2024.11.08 13:56:27 INFO  shutting down Metals
2024.11.08 13:56:27 INFO  Shut down connection with build server.
2024.11.08 13:56:27 INFO  Exiting server
2024.11.08 15:34:14 INFO  Started: Metals version 1.4.0 in folders 'C:\Users\Nicolas\Documents\AdviseU-Libs' for client Visual Studio Code 1.94.2.
2024.11.08 15:34:14 WARN  Flyway upgrade recommended: H2 2.3.232 is newer than this version of Flyway and support has not been tested. The latest supported version of H2 is 2.2.224.
2024.11.08 15:34:15 INFO  no build target found for C:\Users\Nicolas\Documents\AdviseU-Libs\TimeScraper\build.sbt. Using presentation compiler with project's scala-library version: 3.3.4
2024.11.08 15:34:15 INFO  Attempting to connect to the build server...
2024.11.08 15:34:15 INFO  Found a Bloop server running
2024.11.08 15:34:17 INFO  tracing is disabled for protocol BSP, to enable tracing of incoming and outgoing JSON messages create an empty file at C:\Users\Nicolas\Documents\AdviseU-Libs\.metals\bsp.trace.json or C:\Users\Nicolas\AppData\Local\scalameta\metals\cache\bsp.trace.json
2024.11.08 15:34:17 INFO  time: Connected to build server in 1.37s
2024.11.08 15:34:17 INFO  Connected to Build server: Bloop v2.0.3
2024.11.08 15:34:17 INFO  time: Imported build in 0.14s
2024.11.08 15:34:17 INFO  running doctor check
2024.11.08 15:34:17 INFO  java targets: 
2024.11.08 15:34:19 WARN  Flyway upgrade recommended: H2 2.3.232 is newer than this version of Flyway and support has not been tested. The latest supported version of H2 is 2.2.224.
2024.11.08 15:34:19 INFO  time: indexed workspace in 2.63s
2024.11.08 15:34:19 WARN  no build target for: C:\Users\Nicolas\Documents\AdviseU-Libs\TimeScraper\build.sbt
2024.11.08 15:34:20 INFO  no build target found for C:\Users\Nicolas\Documents\AdviseU-Libs\TimeScraper\build.sbt. Using presentation compiler with project's scala-library version: 3.3.4
2024.11.08 15:34:20 INFO  no build target found for C:\Users\Nicolas\Documents\AdviseU-Libs\TimeScraper\build.sbt. Using presentation compiler with project's scala-library version: 3.3.4
2024.11.08 15:34:22 INFO  time: code lens generation in 1.9s
2024.11.08 15:34:22 INFO  time: code lens generation in 2.12s
2024.11.08 15:35:07 INFO  no build target found for C:\Users\Nicolas\Documents\AdviseU-Libs\TimeScraper\build.sbt. Using presentation compiler with project's scala-library version: 3.3.4
